c:\users\l\desktop\cheat-engine-7.5-source\cheat-engine-7.5\dbkkernel\x64\releasewithoutsig\vc142.pdb
c:\users\l\desktop\cheat-engine-7.5-source\cheat-engine-7.5\dbkkernel\x64\releasewithoutsig\vmxoffload.obj
c:\users\l\desktop\cheat-engine-7.5-source\cheat-engine-7.5\dbkkernel\x64\releasewithoutsig\vmxhelper.obj
c:\users\l\desktop\cheat-engine-7.5-source\cheat-engine-7.5\dbkkernel\x64\releasewithoutsig\apic.obj
c:\users\l\desktop\cheat-engine-7.5-source\cheat-engine-7.5\dbkkernel\x64\releasewithoutsig\ultimap2.obj
c:\users\l\desktop\cheat-engine-7.5-source\cheat-engine-7.5\dbkkernel\x64\releasewithoutsig\ultimap.obj
c:\users\l\desktop\cheat-engine-7.5-source\cheat-engine-7.5\dbkkernel\x64\releasewithoutsig\threads.obj
c:\users\l\desktop\cheat-engine-7.5-source\cheat-engine-7.5\dbkkernel\x64\releasewithoutsig\processlist.obj
c:\users\l\desktop\cheat-engine-7.5-source\cheat-engine-7.5\dbkkernel\x64\releasewithoutsig\noexceptions.obj
c:\users\l\desktop\cheat-engine-7.5-source\cheat-engine-7.5\dbkkernel\x64\releasewithoutsig\memscan.obj
c:\users\l\desktop\cheat-engine-7.5-source\cheat-engine-7.5\dbkkernel\x64\releasewithoutsig\iopldispatcher.obj
c:\users\l\desktop\cheat-engine-7.5-source\cheat-engine-7.5\dbkkernel\x64\releasewithoutsig\interrupthook.obj
c:\users\l\desktop\cheat-engine-7.5-source\cheat-engine-7.5\dbkkernel\x64\releasewithoutsig\deepkernel.obj
c:\users\l\desktop\cheat-engine-7.5-source\cheat-engine-7.5\dbkkernel\x64\releasewithoutsig\debugger.obj
c:\users\l\desktop\cheat-engine-7.5-source\cheat-engine-7.5\dbkkernel\x64\releasewithoutsig\dbkfunc.obj
c:\users\l\desktop\cheat-engine-7.5-source\cheat-engine-7.5\dbkkernel\x64\releasewithoutsig\dbkdrvr.obj
c:\users\l\desktop\cheat-engine-7.5-source\cheat-engine-7.5\cheat engine\bin\pommes64.sys
c:\users\l\desktop\cheat-engine-7.5-source\cheat-engine-7.5\cheat engine\bin\pommes64.pdb
c:\users\l\desktop\cheat-engine-7.5-source\cheat-engine-7.5\dbkkernel\x64\releasewithoutsig\dbkfunca.obj
c:\users\l\desktop\cheat-engine-7.5-source\cheat-engine-7.5\dbkkernel\x64\releasewithoutsig\debuggera.obj
c:\users\l\desktop\cheat-engine-7.5-source\cheat-engine-7.5\dbkkernel\x64\releasewithoutsig\noexceptionsa.obj
c:\users\l\desktop\cheat-engine-7.5-source\cheat-engine-7.5\dbkkernel\x64\releasewithoutsig\ultimapa.obj
c:\users\l\desktop\cheat-engine-7.5-source\cheat-engine-7.5\dbkkernel\x64\releasewithoutsig\vmxhelpera.obj
c:\users\l\desktop\cheat-engine-7.5-source\cheat-engine-7.5\dbkkernel\x64\releasewithoutsig\vmxoffloada.obj
c:\users\l\desktop\cheat-engine-7.5-source\cheat-engine-7.5\dbkkernel\x64\releasewithoutsig\dbk64.inf
c:\users\l\desktop\cheat-engine-7.5-source\cheat-engine-7.5\dbkkernel\x64\releasewithoutsig\dbkkernel.tlog\cl.command.1.tlog
c:\users\l\desktop\cheat-engine-7.5-source\cheat-engine-7.5\dbkkernel\x64\releasewithoutsig\dbkkernel.tlog\cl.read.1.tlog
c:\users\l\desktop\cheat-engine-7.5-source\cheat-engine-7.5\dbkkernel\x64\releasewithoutsig\dbkkernel.tlog\cl.write.1.tlog
c:\users\l\desktop\cheat-engine-7.5-source\cheat-engine-7.5\dbkkernel\x64\releasewithoutsig\dbkkernel.tlog\link.command.1.tlog
c:\users\l\desktop\cheat-engine-7.5-source\cheat-engine-7.5\dbkkernel\x64\releasewithoutsig\dbkkernel.tlog\link.read.1.tlog
c:\users\l\desktop\cheat-engine-7.5-source\cheat-engine-7.5\dbkkernel\x64\releasewithoutsig\dbkkernel.tlog\link.write.1.tlog
c:\users\l\desktop\cheat-engine-7.5-source\cheat-engine-7.5\dbkkernel\x64\releasewithoutsig\dbkkernel.tlog\masm.read.1u.tlog
c:\users\l\desktop\cheat-engine-7.5-source\cheat-engine-7.5\dbkkernel\x64\releasewithoutsig\dbkkernel.tlog\masm.write.1u.tlog
c:\users\l\desktop\cheat-engine-7.5-source\cheat-engine-7.5\dbkkernel\x64\releasewithoutsig\dbkkernel.tlog\signtool.command.1.tlog
c:\users\l\desktop\cheat-engine-7.5-source\cheat-engine-7.5\dbkkernel\x64\releasewithoutsig\dbkkernel.tlog\signtool.read.1.tlog
c:\users\l\desktop\cheat-engine-7.5-source\cheat-engine-7.5\dbkkernel\x64\releasewithoutsig\dbkkernel.tlog\signtool.timestamp.1.tlog
c:\users\l\desktop\cheat-engine-7.5-source\cheat-engine-7.5\dbkkernel\x64\releasewithoutsig\dbkkernel.tlog\signtool.write.1.tlog
c:\users\l\desktop\cheat-engine-7.5-source\cheat-engine-7.5\dbkkernel\x64\releasewithoutsig\dbkkernel.tlog\stampinf.command.1.tlog
c:\users\l\desktop\cheat-engine-7.5-source\cheat-engine-7.5\dbkkernel\x64\releasewithoutsig\dbkkernel.tlog\stampinf.read.1.tlog
c:\users\l\desktop\cheat-engine-7.5-source\cheat-engine-7.5\dbkkernel\x64\releasewithoutsig\dbkkernel.tlog\stampinf.write.1.tlog
